2023-11-28 00:00:05 [http-nio-8085-exec-7] INFO ItemRepositoryImpl - Query : org.hibernate.query.sqm.internal.QuerySqmImpl@15e5e4d3 (ItemRepositoryImpl.java:85)
2023-11-28 00:00:05 [http-nio-8085-exec-7] DEBUG SQL - select i1_0.item_id,i1_0.category_id,i1_0.created_dttm,i1_0.created_source,i1_0.description,i1_0.item_name,i1_0.last_updated_dttm,i1_0.last_updated_source,i1_0.unit_height,i1_0.unit_length,i1_0.unit_volume,i1_0.unit_width from item i1_0 (SqlStatementLogger.java:133)
2023-11-28 00:00:37 [http-nio-8085-exec-9] INFO ItemController - Payload : {item={item_name=SAMU-S23U, unit_length=6.43, unit_width=3.07, unit_height=0.35, description=Samsung S23 Ultra, category={category_name=Electronics}}} (ItemController.java:44)
2023-11-28 00:00:37 [http-nio-8085-exec-9] INFO ItemController - Item : {item_name=SAMU-S23U, unit_length=6.43, unit_width=3.07, unit_height=0.35, description=Samsung S23 Ultra, category={category_name=Electronics}} (ItemController.java:48)
2023-11-28 00:00:37 [http-nio-8085-exec-9] INFO ItemController - Item [item_id=0, itemName=SAMU-S23U, unit_length=6.43, unit_width=3.07, unit_height=0.35, unit_volume=0.0, description=Samsung S23 Ultra, category=Category [categoryId=null, categoryName=Electronics], created_dttm=null, last_updated_dttm=null, created_source=null, last_updated_source=null] (ItemController.java:55)
2023-11-28 00:00:37 [http-nio-8085-exec-9] DEBUG SQL - select c1_0.category_id,c1_0.category_name from category c1_0 where c1_0.category_name=? (SqlStatementLogger.java:133)
2023-11-28 00:00:37 [http-nio-8085-exec-9] INFO ItemRepositoryImpl - Category [categoryId=1, categoryName=Electronics] (ItemRepositoryImpl.java:40)
2023-11-28 00:00:37 [http-nio-8085-exec-9] INFO ItemRepositoryImpl - Item [item_id=0, itemName=SAMU-S23U, unit_length=6.43, unit_width=3.07, unit_height=0.35, unit_volume=0.0, description=Samsung S23 Ultra, category=Category [categoryId=null, categoryName=Electronics], created_dttm=null, last_updated_dttm=null, created_source=null, last_updated_source=null] (ItemRepositoryImpl.java:41)
2023-11-28 00:00:37 [http-nio-8085-exec-9] DEBUG SQL - SET FOREIGN_KEY_CHECKS = 1 (SqlStatementLogger.java:133)
2023-11-28 00:00:37 [http-nio-8085-exec-9] DEBUG SQL - insert into item (category_id,created_dttm,created_source,description,item_name,last_updated_dttm,last_updated_source,unit_height,unit_length,unit_volume,unit_width) values (?,?,?,?,?,?,?,?,?,?,?) (SqlStatementLogger.java:133)
2023-11-28 00:00:37 [http-nio-8085-exec-9] INFO ItemRepositoryImpl - Item successfully added : Item [item_id=2, itemName=SAMU-S23U, unit_length=6.43, unit_width=3.07, unit_height=0.35, unit_volume=6.909034999999999, description=Samsung S23 Ultra, category=Category [categoryId=1, categoryName=Electronics], created_dttm=2023-11-28T00:00:37.550063300, last_updated_dttm=2023-11-28T00:00:37.550063300, created_source=Item Management, last_updated_source=Item Management] (ItemRepositoryImpl.java:77)
2023-11-28 00:00:41 [http-nio-8085-exec-10] INFO ItemRepositoryImpl - Query : org.hibernate.query.sqm.internal.QuerySqmImpl@33b8a215 (ItemRepositoryImpl.java:85)
2023-11-28 00:00:41 [http-nio-8085-exec-10] DEBUG SQL - select i1_0.item_id,i1_0.category_id,i1_0.created_dttm,i1_0.created_source,i1_0.description,i1_0.item_name,i1_0.last_updated_dttm,i1_0.last_updated_source,i1_0.unit_height,i1_0.unit_length,i1_0.unit_volume,i1_0.unit_width from item i1_0 (SqlStatementLogger.java:133)
2023-11-28 00:00:41 [http-nio-8085-exec-10] DEBUG SQL - select c1_0.category_id,c1_0.category_name from category c1_0 where c1_0.category_id=? (SqlStatementLogger.java:133)
2023-11-28 00:00:41 [http-nio-8085-exec-10] INFO ItemRepositoryImpl - Item Data : Item [item_id=2, itemName=SAMU-S23U, unit_length=6.43, unit_width=3.07, unit_height=0.35, unit_volume=6.909034999999999, description=Samsung S23 Ultra, category=Category [categoryId=1, categoryName=Electronics], created_dttm=2023-11-28T00:00:37, last_updated_dttm=2023-11-28T00:00:37, created_source=Item Management, last_updated_source=Item Management] (ItemRepositoryImpl.java:90)
2023-11-28 00:12:44 [HikariPool-7 housekeeper] WARN HikariPool - HikariPool-7 - Thread starvation or clock leap detected (housekeeper delta=3m30s786ms317µs100ns). (HikariPool.java:804)
2023-11-28 00:14:57 [http-nio-8085-exec-3] INFO ItemRepositoryImpl - Query : org.hibernate.query.sqm.internal.QuerySqmImpl@3de9cb71 (ItemRepositoryImpl.java:85)
2023-11-28 00:14:57 [http-nio-8085-exec-3] DEBUG SQL - select i1_0.item_id,i1_0.category_id,i1_0.created_dttm,i1_0.created_source,i1_0.description,i1_0.item_name,i1_0.last_updated_dttm,i1_0.last_updated_source,i1_0.unit_height,i1_0.unit_length,i1_0.unit_volume,i1_0.unit_width from item i1_0 (SqlStatementLogger.java:133)
2023-11-28 00:14:57 [http-nio-8085-exec-3] DEBUG SQL - select c1_0.category_id,c1_0.category_name from category c1_0 where c1_0.category_id=? (SqlStatementLogger.java:133)
2023-11-28 00:14:57 [http-nio-8085-exec-3] INFO ItemRepositoryImpl - Item Data : Item [item_id=2, itemName=SAMU-S23U, unit_length=6.43, unit_width=3.07, unit_height=0.35, unit_volume=6.909034999999999, description=Samsung S23 Ultra, category=Category [categoryId=1, categoryName=Electronics], created_dttm=2023-11-28T00:00:37, last_updated_dttm=2023-11-28T00:00:37, created_source=Item Management, last_updated_source=Item Management] (ItemRepositoryImpl.java:90)
2023-11-28 00:44:21 [HikariPool-7 housekeeper] WARN HikariPool - HikariPool-7 - Thread starvation or clock leap detected (housekeeper delta=20m37s397ms552µs600ns). (HikariPool.java:804)
2023-11-28 00:58:51 [http-nio-8085-exec-5] INFO CategoryRepositoryImpl - Query : org.hibernate.query.sqm.internal.QuerySqmImpl@2fa9490f (CategoryRepositoryImpl.java:42)
2023-11-28 00:58:51 [http-nio-8085-exec-5] DEBUG SQL - select c1_0.category_id,c1_0.category_name from category c1_0 (SqlStatementLogger.java:133)
2023-11-28 00:58:51 [http-nio-8085-exec-5] INFO CategoryRepositoryImpl - Category Data : Category [categoryId=1, categoryName=Electronics] (CategoryRepositoryImpl.java:47)
2023-11-28 00:58:51 [http-nio-8085-exec-5] INFO CategoryRepositoryImpl - Category Data : Category [categoryId=2, categoryName=Food] (CategoryRepositoryImpl.java:47)
2023-11-28 00:58:51 [http-nio-8085-exec-5] INFO CategoryRepositoryImpl - Category Data : Category [categoryId=3, categoryName=Music] (CategoryRepositoryImpl.java:47)
2023-11-28 00:58:51 [http-nio-8085-exec-5] INFO CategoryRepositoryImpl - Category Data : Category [categoryId=4, categoryName=Pharma] (CategoryRepositoryImpl.java:47)
2023-11-28 00:58:53 [http-nio-8085-exec-6] INFO ItemRepositoryImpl - Query : org.hibernate.query.sqm.internal.QuerySqmImpl@2c6b3162 (ItemRepositoryImpl.java:85)
2023-11-28 00:58:53 [http-nio-8085-exec-6] DEBUG SQL - select i1_0.item_id,i1_0.category_id,i1_0.created_dttm,i1_0.created_source,i1_0.description,i1_0.item_name,i1_0.last_updated_dttm,i1_0.last_updated_source,i1_0.unit_height,i1_0.unit_length,i1_0.unit_volume,i1_0.unit_width from item i1_0 (SqlStatementLogger.java:133)
2023-11-28 00:58:53 [http-nio-8085-exec-6] DEBUG SQL - select c1_0.category_id,c1_0.category_name from category c1_0 where c1_0.category_id=? (SqlStatementLogger.java:133)
2023-11-28 00:58:53 [http-nio-8085-exec-6] INFO ItemRepositoryImpl - Item Data : Item [item_id=2, itemName=SAMU-S23U, unit_length=6.43, unit_width=3.07, unit_height=0.35, unit_volume=6.909034999999999, description=Samsung S23 Ultra, category=Category [categoryId=1, categoryName=Electronics], created_dttm=2023-11-28T00:00:37, last_updated_dttm=2023-11-28T00:00:37, created_source=Item Management, last_updated_source=Item Management] (ItemRepositoryImpl.java:90)
2023-11-28 00:59:59 [http-nio-8085-exec-8] INFO ItemRepositoryImpl - Query : org.hibernate.query.sqm.internal.QuerySqmImpl@138ca308 (ItemRepositoryImpl.java:85)
2023-11-28 00:59:59 [http-nio-8085-exec-8] DEBUG SQL - select i1_0.item_id,i1_0.category_id,i1_0.created_dttm,i1_0.created_source,i1_0.description,i1_0.item_name,i1_0.last_updated_dttm,i1_0.last_updated_source,i1_0.unit_height,i1_0.unit_length,i1_0.unit_volume,i1_0.unit_width from item i1_0 (SqlStatementLogger.java:133)
2023-11-28 00:59:59 [http-nio-8085-exec-8] DEBUG SQL - select c1_0.category_id,c1_0.category_name from category c1_0 where c1_0.category_id=? (SqlStatementLogger.java:133)
2023-11-28 00:59:59 [http-nio-8085-exec-8] INFO ItemRepositoryImpl - Item Data : Item [item_id=2, itemName=SAMU-S23U, unit_length=6.43, unit_width=3.07, unit_height=0.35, unit_volume=6.909034999999999, description=Samsung S23 Ultra, category=Category [categoryId=1, categoryName=Electronics], created_dttm=2023-11-28T00:00:37, last_updated_dttm=2023-11-28T00:00:37, created_source=Item Management, last_updated_source=Item Management] (ItemRepositoryImpl.java:90)
2023-11-28 01:01:33 [http-nio-8085-exec-10] INFO ItemRepositoryImpl - Query : org.hibernate.query.sqm.internal.QuerySqmImpl@5635fd8a (ItemRepositoryImpl.java:85)
2023-11-28 01:01:33 [http-nio-8085-exec-10] DEBUG SQL - select i1_0.item_id,i1_0.category_id,i1_0.created_dttm,i1_0.created_source,i1_0.description,i1_0.item_name,i1_0.last_updated_dttm,i1_0.last_updated_source,i1_0.unit_height,i1_0.unit_length,i1_0.unit_volume,i1_0.unit_width from item i1_0 (SqlStatementLogger.java:133)
2023-11-28 01:01:33 [http-nio-8085-exec-10] DEBUG SQL - select c1_0.category_id,c1_0.category_name from category c1_0 where c1_0.category_id=? (SqlStatementLogger.java:133)
2023-11-28 01:01:33 [http-nio-8085-exec-10] INFO ItemRepositoryImpl - Item Data : Item [item_id=2, itemName=SAMU-S23U, unit_length=6.43, unit_width=3.07, unit_height=0.35, unit_volume=6.909034999999999, description=Samsung S23 Ultra, category=Category [categoryId=1, categoryName=Electronics], created_dttm=2023-11-28T00:00:37, last_updated_dttm=2023-11-28T00:00:37, created_source=Item Management, last_updated_source=Item Management] (ItemRepositoryImpl.java:90)
2023-11-28 01:04:23 [http-nio-8085-exec-2] INFO ItemRepositoryImpl - Query : org.hibernate.query.sqm.internal.QuerySqmImpl@7a2d533b (ItemRepositoryImpl.java:85)
2023-11-28 01:04:23 [http-nio-8085-exec-2] DEBUG SQL - select i1_0.item_id,i1_0.category_id,i1_0.created_dttm,i1_0.created_source,i1_0.description,i1_0.item_name,i1_0.last_updated_dttm,i1_0.last_updated_source,i1_0.unit_height,i1_0.unit_length,i1_0.unit_volume,i1_0.unit_width from item i1_0 (SqlStatementLogger.java:133)
2023-11-28 01:04:23 [http-nio-8085-exec-2] DEBUG SQL - select c1_0.category_id,c1_0.category_name from category c1_0 where c1_0.category_id=? (SqlStatementLogger.java:133)
2023-11-28 01:04:23 [http-nio-8085-exec-2] INFO ItemRepositoryImpl - Item Data : Item [item_id=2, itemName=SAMU-S23U, unit_length=6.43, unit_width=3.07, unit_height=0.35, unit_volume=6.909034999999999, description=Samsung S23 Ultra, category=Category [categoryId=1, categoryName=Electronics], created_dttm=2023-11-28T00:00:37, last_updated_dttm=2023-11-28T00:00:37, created_source=Item Management, last_updated_source=Item Management] (ItemRepositoryImpl.java:90)
2023-11-28 01:06:06 [http-nio-8085-exec-4] INFO ItemRepositoryImpl - Query : org.hibernate.query.sqm.internal.QuerySqmImpl@e8828ac (ItemRepositoryImpl.java:85)
2023-11-28 01:06:06 [http-nio-8085-exec-4] DEBUG SQL - select i1_0.item_id,i1_0.category_id,i1_0.created_dttm,i1_0.created_source,i1_0.description,i1_0.item_name,i1_0.last_updated_dttm,i1_0.last_updated_source,i1_0.unit_height,i1_0.unit_length,i1_0.unit_volume,i1_0.unit_width from item i1_0 (SqlStatementLogger.java:133)
2023-11-28 01:06:06 [http-nio-8085-exec-4] DEBUG SQL - select c1_0.category_id,c1_0.category_name from category c1_0 where c1_0.category_id=? (SqlStatementLogger.java:133)
2023-11-28 01:06:06 [http-nio-8085-exec-4] INFO ItemRepositoryImpl - Item Data : Item [item_id=2, itemName=SAMU-S23U, unit_length=6.43, unit_width=3.07, unit_height=0.35, unit_volume=6.909034999999999, description=Samsung S23 Ultra, category=Category [categoryId=1, categoryName=Electronics], created_dttm=2023-11-28T00:00:37, last_updated_dttm=2023-11-28T00:00:37, created_source=Item Management, last_updated_source=Item Management] (ItemRepositoryImpl.java:90)
2023-11-28 01:07:52 [http-nio-8085-exec-6] INFO ItemRepositoryImpl - Query : org.hibernate.query.sqm.internal.QuerySqmImpl@11921d79 (ItemRepositoryImpl.java:85)
2023-11-28 01:07:52 [http-nio-8085-exec-6] DEBUG SQL - select i1_0.item_id,i1_0.category_id,i1_0.created_dttm,i1_0.created_source,i1_0.description,i1_0.item_name,i1_0.last_updated_dttm,i1_0.last_updated_source,i1_0.unit_height,i1_0.unit_length,i1_0.unit_volume,i1_0.unit_width from item i1_0 (SqlStatementLogger.java:133)
2023-11-28 01:07:52 [http-nio-8085-exec-6] DEBUG SQL - select c1_0.category_id,c1_0.category_name from category c1_0 where c1_0.category_id=? (SqlStatementLogger.java:133)
2023-11-28 01:07:52 [http-nio-8085-exec-6] INFO ItemRepositoryImpl - Item Data : Item [item_id=2, itemName=SAMU-S23U, unit_length=6.43, unit_width=3.07, unit_height=0.35, unit_volume=6.909034999999999, description=Samsung S23 Ultra, category=Category [categoryId=1, categoryName=Electronics], created_dttm=2023-11-28T00:00:37, last_updated_dttm=2023-11-28T00:00:37, created_source=Item Management, last_updated_source=Item Management] (ItemRepositoryImpl.java:90)
2023-11-28 01:12:51 [http-nio-8085-exec-8] INFO ItemRepositoryImpl - Query : org.hibernate.query.sqm.internal.QuerySqmImpl@763d9d46 (ItemRepositoryImpl.java:85)
2023-11-28 01:12:51 [http-nio-8085-exec-8] DEBUG SQL - select i1_0.item_id,i1_0.category_id,i1_0.created_dttm,i1_0.created_source,i1_0.description,i1_0.item_name,i1_0.last_updated_dttm,i1_0.last_updated_source,i1_0.unit_height,i1_0.unit_length,i1_0.unit_volume,i1_0.unit_width from item i1_0 (SqlStatementLogger.java:133)
2023-11-28 01:12:51 [http-nio-8085-exec-8] DEBUG SQL - select c1_0.category_id,c1_0.category_name from category c1_0 where c1_0.category_id=? (SqlStatementLogger.java:133)
2023-11-28 01:12:51 [http-nio-8085-exec-8] INFO ItemRepositoryImpl - Item Data : Item [item_id=2, itemName=SAMU-S23U, unit_length=6.43, unit_width=3.07, unit_height=0.35, unit_volume=6.909034999999999, description=Samsung S23 Ultra, category=Category [categoryId=1, categoryName=Electronics], created_dttm=2023-11-28T00:00:37, last_updated_dttm=2023-11-28T00:00:37, created_source=Item Management, last_updated_source=Item Management] (ItemRepositoryImpl.java:90)
2023-11-28 01:13:22 [http-nio-8085-exec-10] INFO ItemRepositoryImpl - Query : org.hibernate.query.sqm.internal.QuerySqmImpl@74318b4b (ItemRepositoryImpl.java:85)
2023-11-28 01:13:22 [http-nio-8085-exec-10] DEBUG SQL - select i1_0.item_id,i1_0.category_id,i1_0.created_dttm,i1_0.created_source,i1_0.description,i1_0.item_name,i1_0.last_updated_dttm,i1_0.last_updated_source,i1_0.unit_height,i1_0.unit_length,i1_0.unit_volume,i1_0.unit_width from item i1_0 (SqlStatementLogger.java:133)
2023-11-28 01:13:22 [http-nio-8085-exec-10] DEBUG SQL - select c1_0.category_id,c1_0.category_name from category c1_0 where c1_0.category_id=? (SqlStatementLogger.java:133)
2023-11-28 01:13:22 [http-nio-8085-exec-10] INFO ItemRepositoryImpl - Item Data : Item [item_id=2, itemName=SAMU-S23U, unit_length=6.43, unit_width=3.07, unit_height=0.35, unit_volume=6.909034999999999, description=Samsung S23 Ultra, category=Category [categoryId=1, categoryName=Electronics], created_dttm=2023-11-28T00:00:37, last_updated_dttm=2023-11-28T00:00:37, created_source=Item Management, last_updated_source=Item Management] (ItemRepositoryImpl.java:90)
2023-11-28 01:16:44 [http-nio-8085-exec-2] INFO ItemRepositoryImpl - Query : org.hibernate.query.sqm.internal.QuerySqmImpl@5286d161 (ItemRepositoryImpl.java:85)
2023-11-28 01:16:44 [http-nio-8085-exec-2] DEBUG SQL - select i1_0.item_id,i1_0.category_id,i1_0.created_dttm,i1_0.created_source,i1_0.description,i1_0.item_name,i1_0.last_updated_dttm,i1_0.last_updated_source,i1_0.unit_height,i1_0.unit_length,i1_0.unit_volume,i1_0.unit_width from item i1_0 (SqlStatementLogger.java:133)
2023-11-28 01:16:44 [http-nio-8085-exec-2] DEBUG SQL - select c1_0.category_id,c1_0.category_name from category c1_0 where c1_0.category_id=? (SqlStatementLogger.java:133)
2023-11-28 01:16:44 [http-nio-8085-exec-2] INFO ItemRepositoryImpl - Item Data : Item [item_id=2, itemName=SAMU-S23U, unit_length=6.43, unit_width=3.07, unit_height=0.35, unit_volume=6.909034999999999, description=Samsung S23 Ultra, category=Category [categoryId=1, categoryName=Electronics], created_dttm=2023-11-28T00:00:37, last_updated_dttm=2023-11-28T00:00:37, created_source=Item Management, last_updated_source=Item Management] (ItemRepositoryImpl.java:90)
2023-11-28 01:18:43 [http-nio-8085-exec-4] INFO ItemRepositoryImpl - Query : org.hibernate.query.sqm.internal.QuerySqmImpl@af81793 (ItemRepositoryImpl.java:85)
2023-11-28 01:18:43 [http-nio-8085-exec-4] DEBUG SQL - select i1_0.item_id,i1_0.category_id,i1_0.created_dttm,i1_0.created_source,i1_0.description,i1_0.item_name,i1_0.last_updated_dttm,i1_0.last_updated_source,i1_0.unit_height,i1_0.unit_length,i1_0.unit_volume,i1_0.unit_width from item i1_0 (SqlStatementLogger.java:133)
2023-11-28 01:18:43 [http-nio-8085-exec-4] DEBUG SQL - select c1_0.category_id,c1_0.category_name from category c1_0 where c1_0.category_id=? (SqlStatementLogger.java:133)
2023-11-28 01:18:43 [http-nio-8085-exec-4] INFO ItemRepositoryImpl - Item Data : Item [item_id=2, itemName=SAMU-S23U, unit_length=6.43, unit_width=3.07, unit_height=0.35, unit_volume=6.909034999999999, description=Samsung S23 Ultra, category=Category [categoryId=1, categoryName=Electronics], created_dttm=2023-11-28T00:00:37, last_updated_dttm=2023-11-28T00:00:37, created_source=Item Management, last_updated_source=Item Management] (ItemRepositoryImpl.java:90)
2023-11-28 01:20:39 [http-nio-8085-exec-6] INFO ItemRepositoryImpl - Query : org.hibernate.query.sqm.internal.QuerySqmImpl@12bbbeb6 (ItemRepositoryImpl.java:85)
2023-11-28 01:20:39 [http-nio-8085-exec-6] DEBUG SQL - select i1_0.item_id,i1_0.category_id,i1_0.created_dttm,i1_0.created_source,i1_0.description,i1_0.item_name,i1_0.last_updated_dttm,i1_0.last_updated_source,i1_0.unit_height,i1_0.unit_length,i1_0.unit_volume,i1_0.unit_width from item i1_0 (SqlStatementLogger.java:133)
2023-11-28 01:20:39 [http-nio-8085-exec-6] DEBUG SQL - select c1_0.category_id,c1_0.category_name from category c1_0 where c1_0.category_id=? (SqlStatementLogger.java:133)
2023-11-28 01:20:39 [http-nio-8085-exec-6] INFO ItemRepositoryImpl - Item Data : Item [item_id=2, itemName=SAMU-S23U, unit_length=6.43, unit_width=3.07, unit_height=0.35, unit_volume=6.909034999999999, description=Samsung S23 Ultra, category=Category [categoryId=1, categoryName=Electronics], created_dttm=2023-11-28T00:00:37, last_updated_dttm=2023-11-28T00:00:37, created_source=Item Management, last_updated_source=Item Management] (ItemRepositoryImpl.java:90)
2023-11-28 01:22:09 [http-nio-8085-exec-8] INFO ItemRepositoryImpl - Query : org.hibernate.query.sqm.internal.QuerySqmImpl@7430a1d7 (ItemRepositoryImpl.java:85)
2023-11-28 01:22:09 [http-nio-8085-exec-8] DEBUG SQL - select i1_0.item_id,i1_0.category_id,i1_0.created_dttm,i1_0.created_source,i1_0.description,i1_0.item_name,i1_0.last_updated_dttm,i1_0.last_updated_source,i1_0.unit_height,i1_0.unit_length,i1_0.unit_volume,i1_0.unit_width from item i1_0 (SqlStatementLogger.java:133)
2023-11-28 01:22:09 [http-nio-8085-exec-8] DEBUG SQL - select c1_0.category_id,c1_0.category_name from category c1_0 where c1_0.category_id=? (SqlStatementLogger.java:133)
2023-11-28 01:22:09 [http-nio-8085-exec-8] INFO ItemRepositoryImpl - Item Data : Item [item_id=2, itemName=SAMU-S23U, unit_length=6.43, unit_width=3.07, unit_height=0.35, unit_volume=6.909034999999999, description=Samsung S23 Ultra, category=Category [categoryId=1, categoryName=Electronics], created_dttm=2023-11-28T00:00:37, last_updated_dttm=2023-11-28T00:00:37, created_source=Item Management, last_updated_source=Item Management] (ItemRepositoryImpl.java:90)
2023-11-28 01:22:33 [http-nio-8085-exec-9] INFO ItemRepositoryImpl - Query : org.hibernate.query.sqm.internal.QuerySqmImpl@5dff2a9e (ItemRepositoryImpl.java:85)
2023-11-28 01:22:33 [http-nio-8085-exec-9] DEBUG SQL - select i1_0.item_id,i1_0.category_id,i1_0.created_dttm,i1_0.created_source,i1_0.description,i1_0.item_name,i1_0.last_updated_dttm,i1_0.last_updated_source,i1_0.unit_height,i1_0.unit_length,i1_0.unit_volume,i1_0.unit_width from item i1_0 (SqlStatementLogger.java:133)
2023-11-28 01:22:33 [http-nio-8085-exec-9] DEBUG SQL - select c1_0.category_id,c1_0.category_name from category c1_0 where c1_0.category_id=? (SqlStatementLogger.java:133)
2023-11-28 01:22:33 [http-nio-8085-exec-9] INFO ItemRepositoryImpl - Item Data : Item [item_id=2, itemName=SAMU-S23U, unit_length=6.43, unit_width=3.07, unit_height=0.35, unit_volume=6.909034999999999, description=Samsung S23 Ultra, category=Category [categoryId=1, categoryName=Electronics], created_dttm=2023-11-28T00:00:37, last_updated_dttm=2023-11-28T00:00:37, created_source=Item Management, last_updated_source=Item Management] (ItemRepositoryImpl.java:90)
2023-11-28 01:22:35 [http-nio-8085-exec-10] INFO ItemRepositoryImpl - Query : org.hibernate.query.sqm.internal.QuerySqmImpl@3f6bfb58 (ItemRepositoryImpl.java:85)
2023-11-28 01:22:35 [http-nio-8085-exec-10] DEBUG SQL - select i1_0.item_id,i1_0.category_id,i1_0.created_dttm,i1_0.created_source,i1_0.description,i1_0.item_name,i1_0.last_updated_dttm,i1_0.last_updated_source,i1_0.unit_height,i1_0.unit_length,i1_0.unit_volume,i1_0.unit_width from item i1_0 (SqlStatementLogger.java:133)
2023-11-28 01:22:35 [http-nio-8085-exec-10] DEBUG SQL - select c1_0.category_id,c1_0.category_name from category c1_0 where c1_0.category_id=? (SqlStatementLogger.java:133)
2023-11-28 01:22:35 [http-nio-8085-exec-10] INFO ItemRepositoryImpl - Item Data : Item [item_id=2, itemName=SAMU-S23U, unit_length=6.43, unit_width=3.07, unit_height=0.35, unit_volume=6.909034999999999, description=Samsung S23 Ultra, category=Category [categoryId=1, categoryName=Electronics], created_dttm=2023-11-28T00:00:37, last_updated_dttm=2023-11-28T00:00:37, created_source=Item Management, last_updated_source=Item Management] (ItemRepositoryImpl.java:90)
2023-11-28 01:22:37 [http-nio-8085-exec-1] INFO ItemRepositoryImpl - Query : org.hibernate.query.sqm.internal.QuerySqmImpl@57417242 (ItemRepositoryImpl.java:85)
2023-11-28 01:22:37 [http-nio-8085-exec-1] DEBUG SQL - select i1_0.item_id,i1_0.category_id,i1_0.created_dttm,i1_0.created_source,i1_0.description,i1_0.item_name,i1_0.last_updated_dttm,i1_0.last_updated_source,i1_0.unit_height,i1_0.unit_length,i1_0.unit_volume,i1_0.unit_width from item i1_0 (SqlStatementLogger.java:133)
2023-11-28 01:22:37 [http-nio-8085-exec-1] DEBUG SQL - select c1_0.category_id,c1_0.category_name from category c1_0 where c1_0.category_id=? (SqlStatementLogger.java:133)
2023-11-28 01:22:37 [http-nio-8085-exec-1] INFO ItemRepositoryImpl - Item Data : Item [item_id=2, itemName=SAMU-S23U, unit_length=6.43, unit_width=3.07, unit_height=0.35, unit_volume=6.909034999999999, description=Samsung S23 Ultra, category=Category [categoryId=1, categoryName=Electronics], created_dttm=2023-11-28T00:00:37, last_updated_dttm=2023-11-28T00:00:37, created_source=Item Management, last_updated_source=Item Management] (ItemRepositoryImpl.java:90)
2023-11-28 01:23:25 [http-nio-8085-exec-2] INFO CategoryRepositoryImpl - Query : org.hibernate.query.sqm.internal.QuerySqmImpl@14756281 (CategoryRepositoryImpl.java:42)
2023-11-28 01:23:25 [http-nio-8085-exec-2] DEBUG SQL - select c1_0.category_id,c1_0.category_name from category c1_0 (SqlStatementLogger.java:133)
2023-11-28 01:23:25 [http-nio-8085-exec-2] INFO CategoryRepositoryImpl - Category Data : Category [categoryId=1, categoryName=Electronics] (CategoryRepositoryImpl.java:47)
2023-11-28 01:23:25 [http-nio-8085-exec-2] INFO CategoryRepositoryImpl - Category Data : Category [categoryId=2, categoryName=Food] (CategoryRepositoryImpl.java:47)
2023-11-28 01:23:25 [http-nio-8085-exec-2] INFO CategoryRepositoryImpl - Category Data : Category [categoryId=3, categoryName=Music] (CategoryRepositoryImpl.java:47)
2023-11-28 01:23:25 [http-nio-8085-exec-2] INFO CategoryRepositoryImpl - Category Data : Category [categoryId=4, categoryName=Pharma] (CategoryRepositoryImpl.java:47)
2023-11-28 01:26:16 [http-nio-8085-exec-5] INFO ItemController - Payload : {item={item_name=APPL-M1M, unit_length=11.04, unit_width=8.46, unit_height=0.23, description=Apple MacBook M1 Max, category={category_name=Electronics}}} (ItemController.java:44)
2023-11-28 01:26:16 [http-nio-8085-exec-5] INFO ItemController - Item : {item_name=APPL-M1M, unit_length=11.04, unit_width=8.46, unit_height=0.23, description=Apple MacBook M1 Max, category={category_name=Electronics}} (ItemController.java:48)
2023-11-28 01:26:16 [http-nio-8085-exec-5] INFO ItemController - Item [item_id=0, itemName=APPL-M1M, unit_length=11.04, unit_width=8.46, unit_height=0.23, unit_volume=0.0, description=Apple MacBook M1 Max, category=Category [categoryId=null, categoryName=Electronics], created_dttm=null, last_updated_dttm=null, created_source=null, last_updated_source=null] (ItemController.java:55)
2023-11-28 01:26:16 [http-nio-8085-exec-5] DEBUG SQL - select c1_0.category_id,c1_0.category_name from category c1_0 where c1_0.category_name=? (SqlStatementLogger.java:133)
2023-11-28 01:26:16 [http-nio-8085-exec-5] INFO ItemRepositoryImpl - Category [categoryId=1, categoryName=Electronics] (ItemRepositoryImpl.java:40)
2023-11-28 01:26:16 [http-nio-8085-exec-5] INFO ItemRepositoryImpl - Item [item_id=0, itemName=APPL-M1M, unit_length=11.04, unit_width=8.46, unit_height=0.23, unit_volume=0.0, description=Apple MacBook M1 Max, category=Category [categoryId=null, categoryName=Electronics], created_dttm=null, last_updated_dttm=null, created_source=null, last_updated_source=null] (ItemRepositoryImpl.java:41)
2023-11-28 01:26:16 [http-nio-8085-exec-5] DEBUG SQL - SET FOREIGN_KEY_CHECKS = 1 (SqlStatementLogger.java:133)
2023-11-28 01:26:16 [http-nio-8085-exec-5] DEBUG SQL - insert into item (category_id,created_dttm,created_source,description,item_name,last_updated_dttm,last_updated_source,unit_height,unit_length,unit_volume,unit_width) values (?,?,?,?,?,?,?,?,?,?,?) (SqlStatementLogger.java:133)
2023-11-28 01:26:16 [http-nio-8085-exec-5] INFO ItemRepositoryImpl - Item successfully added : Item [item_id=3, itemName=APPL-M1M, unit_length=11.04, unit_width=8.46, unit_height=0.23, unit_volume=21.481632, description=Apple MacBook M1 Max, category=Category [categoryId=1, categoryName=Electronics], created_dttm=2023-11-28T01:26:16.817159100, last_updated_dttm=2023-11-28T01:26:16.817159100, created_source=Item Management, last_updated_source=Item Management] (ItemRepositoryImpl.java:77)
2023-11-28 01:26:35 [http-nio-8085-exec-6] INFO ItemController - Payload : {item={item_name=GUIT-FEN-STRT, unit_length=39, unit_width=13, unit_height=2, description=Fender Stratocaster Guitar, category={category_name=Music}}} (ItemController.java:44)
2023-11-28 01:26:35 [http-nio-8085-exec-6] INFO ItemController - Item : {item_name=GUIT-FEN-STRT, unit_length=39, unit_width=13, unit_height=2, description=Fender Stratocaster Guitar, category={category_name=Music}} (ItemController.java:48)
2023-11-28 01:26:35 [http-nio-8085-exec-6] INFO ItemController - Item [item_id=0, itemName=GUIT-FEN-STRT, unit_length=39.0, unit_width=13.0, unit_height=2.0, unit_volume=0.0, description=Fender Stratocaster Guitar, category=Category [categoryId=null, categoryName=Music], created_dttm=null, last_updated_dttm=null, created_source=null, last_updated_source=null] (ItemController.java:55)
2023-11-28 01:26:35 [http-nio-8085-exec-6] DEBUG SQL - select c1_0.category_id,c1_0.category_name from category c1_0 where c1_0.category_name=? (SqlStatementLogger.java:133)
2023-11-28 01:26:35 [http-nio-8085-exec-6] INFO ItemRepositoryImpl - Category [categoryId=3, categoryName=Music] (ItemRepositoryImpl.java:40)
2023-11-28 01:26:35 [http-nio-8085-exec-6] INFO ItemRepositoryImpl - Item [item_id=0, itemName=GUIT-FEN-STRT, unit_length=39.0, unit_width=13.0, unit_height=2.0, unit_volume=0.0, description=Fender Stratocaster Guitar, category=Category [categoryId=null, categoryName=Music], created_dttm=null, last_updated_dttm=null, created_source=null, last_updated_source=null] (ItemRepositoryImpl.java:41)
2023-11-28 01:26:35 [http-nio-8085-exec-6] DEBUG SQL - SET FOREIGN_KEY_CHECKS = 1 (SqlStatementLogger.java:133)
2023-11-28 01:26:35 [http-nio-8085-exec-6] DEBUG SQL - insert into item (category_id,created_dttm,created_source,description,item_name,last_updated_dttm,last_updated_source,unit_height,unit_length,unit_volume,unit_width) values (?,?,?,?,?,?,?,?,?,?,?) (SqlStatementLogger.java:133)
2023-11-28 01:26:35 [http-nio-8085-exec-6] INFO ItemRepositoryImpl - Item successfully added : Item [item_id=4, itemName=GUIT-FEN-STRT, unit_length=39.0, unit_width=13.0, unit_height=2.0, unit_volume=1014.0, description=Fender Stratocaster Guitar, category=Category [categoryId=3, categoryName=Music], created_dttm=2023-11-28T01:26:35.560958700, last_updated_dttm=2023-11-28T01:26:35.560958700, created_source=Item Management, last_updated_source=Item Management] (ItemRepositoryImpl.java:77)
2023-11-28 01:27:01 [http-nio-8085-exec-7] INFO ItemController - Payload : {item={item_name=MED-ASPIRIN, unit_length=0.5, unit_width=0.5, unit_height=0.1, description=Aspirin Tablet, category={category_name=Pharma}}} (ItemController.java:44)
2023-11-28 01:27:01 [http-nio-8085-exec-7] INFO ItemController - Item : {item_name=MED-ASPIRIN, unit_length=0.5, unit_width=0.5, unit_height=0.1, description=Aspirin Tablet, category={category_name=Pharma}} (ItemController.java:48)
2023-11-28 01:27:01 [http-nio-8085-exec-7] INFO ItemController - Item [item_id=0, itemName=MED-ASPIRIN, unit_length=0.5, unit_width=0.5, unit_height=0.1, unit_volume=0.0, description=Aspirin Tablet, category=Category [categoryId=null, categoryName=Pharma], created_dttm=null, last_updated_dttm=null, created_source=null, last_updated_source=null] (ItemController.java:55)
2023-11-28 01:27:01 [http-nio-8085-exec-7] DEBUG SQL - select c1_0.category_id,c1_0.category_name from category c1_0 where c1_0.category_name=? (SqlStatementLogger.java:133)
2023-11-28 01:27:01 [http-nio-8085-exec-7] INFO ItemRepositoryImpl - Category [categoryId=4, categoryName=Pharma] (ItemRepositoryImpl.java:40)
2023-11-28 01:27:01 [http-nio-8085-exec-7] INFO ItemRepositoryImpl - Item [item_id=0, itemName=MED-ASPIRIN, unit_length=0.5, unit_width=0.5, unit_height=0.1, unit_volume=0.0, description=Aspirin Tablet, category=Category [categoryId=null, categoryName=Pharma], created_dttm=null, last_updated_dttm=null, created_source=null, last_updated_source=null] (ItemRepositoryImpl.java:41)
2023-11-28 01:27:01 [http-nio-8085-exec-7] DEBUG SQL - SET FOREIGN_KEY_CHECKS = 1 (SqlStatementLogger.java:133)
2023-11-28 01:27:01 [http-nio-8085-exec-7] DEBUG SQL - insert into item (category_id,created_dttm,created_source,description,item_name,last_updated_dttm,last_updated_source,unit_height,unit_length,unit_volume,unit_width) values (?,?,?,?,?,?,?,?,?,?,?) (SqlStatementLogger.java:133)
2023-11-28 01:27:01 [http-nio-8085-exec-7] INFO ItemRepositoryImpl - Item successfully added : Item [item_id=5, itemName=MED-ASPIRIN, unit_length=0.5, unit_width=0.5, unit_height=0.1, unit_volume=0.025, description=Aspirin Tablet, category=Category [categoryId=4, categoryName=Pharma], created_dttm=2023-11-28T01:27:01.572380700, last_updated_dttm=2023-11-28T01:27:01.572380700, created_source=Item Management, last_updated_source=Item Management] (ItemRepositoryImpl.java:77)
2023-11-28 01:27:26 [http-nio-8085-exec-8] INFO ItemRepositoryImpl - Query : org.hibernate.query.sqm.internal.QuerySqmImpl@4dc5aa8c (ItemRepositoryImpl.java:85)
2023-11-28 01:27:26 [http-nio-8085-exec-8] DEBUG SQL - select i1_0.item_id,i1_0.category_id,i1_0.created_dttm,i1_0.created_source,i1_0.description,i1_0.item_name,i1_0.last_updated_dttm,i1_0.last_updated_source,i1_0.unit_height,i1_0.unit_length,i1_0.unit_volume,i1_0.unit_width from item i1_0 (SqlStatementLogger.java:133)
2023-11-28 01:27:26 [http-nio-8085-exec-8] DEBUG SQL - select c1_0.category_id,c1_0.category_name from category c1_0 where c1_0.category_id=? (SqlStatementLogger.java:133)
2023-11-28 01:27:26 [http-nio-8085-exec-8] DEBUG SQL - select c1_0.category_id,c1_0.category_name from category c1_0 where c1_0.category_id=? (SqlStatementLogger.java:133)
2023-11-28 01:27:26 [http-nio-8085-exec-8] DEBUG SQL - select c1_0.category_id,c1_0.category_name from category c1_0 where c1_0.category_id=? (SqlStatementLogger.java:133)
2023-11-28 01:27:26 [http-nio-8085-exec-8] INFO ItemRepositoryImpl - Item Data : Item [item_id=2, itemName=SAMU-S23U, unit_length=6.43, unit_width=3.07, unit_height=0.35, unit_volume=6.909034999999999, description=Samsung S23 Ultra, category=Category [categoryId=1, categoryName=Electronics], created_dttm=2023-11-28T00:00:37, last_updated_dttm=2023-11-28T00:00:37, created_source=Item Management, last_updated_source=Item Management] (ItemRepositoryImpl.java:90)
2023-11-28 01:27:26 [http-nio-8085-exec-8] INFO ItemRepositoryImpl - Item Data : Item [item_id=3, itemName=APPL-M1M, unit_length=11.04, unit_width=8.46, unit_height=0.23, unit_volume=21.481632, description=Apple MacBook M1 Max, category=Category [categoryId=1, categoryName=Electronics], created_dttm=2023-11-28T01:26:16, last_updated_dttm=2023-11-28T01:26:16, created_source=Item Management, last_updated_source=Item Management] (ItemRepositoryImpl.java:90)
2023-11-28 01:27:26 [http-nio-8085-exec-8] INFO ItemRepositoryImpl - Item Data : Item [item_id=4, itemName=GUIT-FEN-STRT, unit_length=39.0, unit_width=13.0, unit_height=2.0, unit_volume=1014.0, description=Fender Stratocaster Guitar, category=Category [categoryId=3, categoryName=Music], created_dttm=2023-11-28T01:26:35, last_updated_dttm=2023-11-28T01:26:35, created_source=Item Management, last_updated_source=Item Management] (ItemRepositoryImpl.java:90)
2023-11-28 01:27:26 [http-nio-8085-exec-8] INFO ItemRepositoryImpl - Item Data : Item [item_id=5, itemName=MED-ASPIRIN, unit_length=0.5, unit_width=0.5, unit_height=0.1, unit_volume=0.025, description=Aspirin Tablet, category=Category [categoryId=4, categoryName=Pharma], created_dttm=2023-11-28T01:27:01, last_updated_dttm=2023-11-28T01:27:01, created_source=Item Management, last_updated_source=Item Management] (ItemRepositoryImpl.java:90)
2023-11-28 01:27:56 [http-nio-8085-exec-9] INFO ItemRepositoryImpl - Query : org.hibernate.query.sqm.internal.QuerySqmImpl@21823667 (ItemRepositoryImpl.java:85)
2023-11-28 01:27:56 [http-nio-8085-exec-9] DEBUG SQL - select i1_0.item_id,i1_0.category_id,i1_0.created_dttm,i1_0.created_source,i1_0.description,i1_0.item_name,i1_0.last_updated_dttm,i1_0.last_updated_source,i1_0.unit_height,i1_0.unit_length,i1_0.unit_volume,i1_0.unit_width from item i1_0 (SqlStatementLogger.java:133)
2023-11-28 01:27:56 [http-nio-8085-exec-9] DEBUG SQL - select c1_0.category_id,c1_0.category_name from category c1_0 where c1_0.category_id=? (SqlStatementLogger.java:133)
2023-11-28 01:27:56 [http-nio-8085-exec-9] DEBUG SQL - select c1_0.category_id,c1_0.category_name from category c1_0 where c1_0.category_id=? (SqlStatementLogger.java:133)
2023-11-28 01:27:56 [http-nio-8085-exec-9] DEBUG SQL - select c1_0.category_id,c1_0.category_name from category c1_0 where c1_0.category_id=? (SqlStatementLogger.java:133)
2023-11-28 01:27:56 [http-nio-8085-exec-9] INFO ItemRepositoryImpl - Item Data : Item [item_id=2, itemName=SAMU-S23U, unit_length=6.43, unit_width=3.07, unit_height=0.35, unit_volume=6.909034999999999, description=Samsung S23 Ultra, category=Category [categoryId=1, categoryName=Electronics], created_dttm=2023-11-28T00:00:37, last_updated_dttm=2023-11-28T00:00:37, created_source=Item Management, last_updated_source=Item Management] (ItemRepositoryImpl.java:90)
2023-11-28 01:27:56 [http-nio-8085-exec-9] INFO ItemRepositoryImpl - Item Data : Item [item_id=3, itemName=APPL-M1M, unit_length=11.04, unit_width=8.46, unit_height=0.23, unit_volume=21.481632, description=Apple MacBook M1 Max, category=Category [categoryId=1, categoryName=Electronics], created_dttm=2023-11-28T01:26:16, last_updated_dttm=2023-11-28T01:26:16, created_source=Item Management, last_updated_source=Item Management] (ItemRepositoryImpl.java:90)
2023-11-28 01:27:56 [http-nio-8085-exec-9] INFO ItemRepositoryImpl - Item Data : Item [item_id=4, itemName=GUIT-FEN-STRT, unit_length=39.0, unit_width=13.0, unit_height=2.0, unit_volume=1014.0, description=Fender Stratocaster Guitar, category=Category [categoryId=3, categoryName=Music], created_dttm=2023-11-28T01:26:35, last_updated_dttm=2023-11-28T01:26:35, created_source=Item Management, last_updated_source=Item Management] (ItemRepositoryImpl.java:90)
2023-11-28 01:27:56 [http-nio-8085-exec-9] INFO ItemRepositoryImpl - Item Data : Item [item_id=5, itemName=MED-ASPIRIN, unit_length=0.5, unit_width=0.5, unit_height=0.1, unit_volume=0.025, description=Aspirin Tablet, category=Category [categoryId=4, categoryName=Pharma], created_dttm=2023-11-28T01:27:01, last_updated_dttm=2023-11-28T01:27:01, created_source=Item Management, last_updated_source=Item Management] (ItemRepositoryImpl.java:90)
2023-11-28 01:28:08 [http-nio-8085-exec-1] INFO CategoryRepositoryImpl - Query : org.hibernate.query.sqm.internal.QuerySqmImpl@32ce6c15 (CategoryRepositoryImpl.java:42)
2023-11-28 01:28:08 [http-nio-8085-exec-1] DEBUG SQL - select c1_0.category_id,c1_0.category_name from category c1_0 (SqlStatementLogger.java:133)
2023-11-28 01:28:08 [http-nio-8085-exec-1] INFO CategoryRepositoryImpl - Category Data : Category [categoryId=1, categoryName=Electronics] (CategoryRepositoryImpl.java:47)
2023-11-28 01:28:08 [http-nio-8085-exec-1] INFO CategoryRepositoryImpl - Category Data : Category [categoryId=2, categoryName=Food] (CategoryRepositoryImpl.java:47)
2023-11-28 01:28:08 [http-nio-8085-exec-1] INFO CategoryRepositoryImpl - Category Data : Category [categoryId=3, categoryName=Music] (CategoryRepositoryImpl.java:47)
2023-11-28 01:28:08 [http-nio-8085-exec-1] INFO CategoryRepositoryImpl - Category Data : Category [categoryId=4, categoryName=Pharma] (CategoryRepositoryImpl.java:47)
2023-11-28 01:28:10 [http-nio-8085-exec-2] INFO ItemRepositoryImpl - Query : org.hibernate.query.sqm.internal.QuerySqmImpl@5a2952e2 (ItemRepositoryImpl.java:85)
2023-11-28 01:28:10 [http-nio-8085-exec-2] DEBUG SQL - select i1_0.item_id,i1_0.category_id,i1_0.created_dttm,i1_0.created_source,i1_0.description,i1_0.item_name,i1_0.last_updated_dttm,i1_0.last_updated_source,i1_0.unit_height,i1_0.unit_length,i1_0.unit_volume,i1_0.unit_width from item i1_0 (SqlStatementLogger.java:133)
2023-11-28 01:28:10 [http-nio-8085-exec-2] DEBUG SQL - select c1_0.category_id,c1_0.category_name from category c1_0 where c1_0.category_id=? (SqlStatementLogger.java:133)
2023-11-28 01:28:10 [http-nio-8085-exec-2] DEBUG SQL - select c1_0.category_id,c1_0.category_name from category c1_0 where c1_0.category_id=? (SqlStatementLogger.java:133)
2023-11-28 01:28:10 [http-nio-8085-exec-2] DEBUG SQL - select c1_0.category_id,c1_0.category_name from category c1_0 where c1_0.category_id=? (SqlStatementLogger.java:133)
2023-11-28 01:28:10 [http-nio-8085-exec-2] INFO ItemRepositoryImpl - Item Data : Item [item_id=2, itemName=SAMU-S23U, unit_length=6.43, unit_width=3.07, unit_height=0.35, unit_volume=6.909034999999999, description=Samsung S23 Ultra, category=Category [categoryId=1, categoryName=Electronics], created_dttm=2023-11-28T00:00:37, last_updated_dttm=2023-11-28T00:00:37, created_source=Item Management, last_updated_source=Item Management] (ItemRepositoryImpl.java:90)
2023-11-28 01:28:10 [http-nio-8085-exec-2] INFO ItemRepositoryImpl - Item Data : Item [item_id=3, itemName=APPL-M1M, unit_length=11.04, unit_width=8.46, unit_height=0.23, unit_volume=21.481632, description=Apple MacBook M1 Max, category=Category [categoryId=1, categoryName=Electronics], created_dttm=2023-11-28T01:26:16, last_updated_dttm=2023-11-28T01:26:16, created_source=Item Management, last_updated_source=Item Management] (ItemRepositoryImpl.java:90)
2023-11-28 01:28:10 [http-nio-8085-exec-2] INFO ItemRepositoryImpl - Item Data : Item [item_id=4, itemName=GUIT-FEN-STRT, unit_length=39.0, unit_width=13.0, unit_height=2.0, unit_volume=1014.0, description=Fender Stratocaster Guitar, category=Category [categoryId=3, categoryName=Music], created_dttm=2023-11-28T01:26:35, last_updated_dttm=2023-11-28T01:26:35, created_source=Item Management, last_updated_source=Item Management] (ItemRepositoryImpl.java:90)
2023-11-28 01:28:10 [http-nio-8085-exec-2] INFO ItemRepositoryImpl - Item Data : Item [item_id=5, itemName=MED-ASPIRIN, unit_length=0.5, unit_width=0.5, unit_height=0.1, unit_volume=0.025, description=Aspirin Tablet, category=Category [categoryId=4, categoryName=Pharma], created_dttm=2023-11-28T01:27:01, last_updated_dttm=2023-11-28T01:27:01, created_source=Item Management, last_updated_source=Item Management] (ItemRepositoryImpl.java:90)
2023-11-28 01:40:49 [File Watcher] INFO LocalDevToolsAutoConfiguration$RestartingClassPathChangeChangedEventListener - Restarting due to 44 class path changes (0 additions, 44 deletions, 0 modifications) (LocalDevToolsAutoConfiguration.java:211)
2023-11-28 01:40:49 [Thread-27] INFO Http11NioProtocol - Pausing ProtocolHandler ["http-nio-8085"] (DirectJDKLog.java:173)
2023-11-28 01:40:49 [Thread-27] INFO StandardService - Stopping service [Tomcat] (DirectJDKLog.java:173)
2023-11-28 01:40:49 [Thread-27] INFO [/] - Destroying Spring FrameworkServlet 'dispatcherServlet' (DirectJDKLog.java:173)
2023-11-28 01:40:49 [Thread-27] INFO Http11NioProtocol - Stopping ProtocolHandler ["http-nio-8085"] (DirectJDKLog.java:173)
2023-11-28 01:40:49 [Thread-27] INFO Http11NioProtocol - Destroying ProtocolHandler ["http-nio-8085"] (DirectJDKLog.java:173)
2023-11-28 01:40:49 [Thread-27] INFO LocalContainerEntityManagerFactoryBean - Closing JPA EntityManagerFactory for persistence unit 'default' (AbstractEntityManagerFactoryBean.java:650)
2023-11-28 01:40:49 [Thread-27] INFO HikariDataSource - HikariPool-7 - Shutdown initiated... (HikariDataSource.java:350)
2023-11-28 01:40:49 [Thread-27] INFO HikariDataSource - HikariPool-7 - Shutdown completed. (HikariDataSource.java:352)
2023-11-28 01:40:53 [restartedMain] INFO InventoryManagementSystemApplication - Starting InventoryManagementSystemApplication using Java 20 with PID 1104 (C:\Users\Ravi\git\inventorymanagement\InventoryManagementSystem\target\classes started by Ravi in C:\Users\Ravi\git\inventorymanagement\InventoryManagementSystem) (StartupInfoLogger.java:51)
2023-11-28 01:40:53 [restartedMain] INFO InventoryManagementSystemApplication - No active profile set, falling back to 1 default profile: "default" (SpringApplication.java:638)
2023-11-28 01:40:54 [restartedMain] INFO RepositoryConfigurationDelegate - Multiple Spring Data modules found, entering strict repository configuration mode (RepositoryConfigurationDelegate.java:291)
2023-11-28 01:40:54 [restartedMain] INFO RepositoryConfigurationDelegate - Bootstrapping Spring Data JDBC repositories in DEFAULT mode. (RepositoryConfigurationDelegate.java:138)
2023-11-28 01:40:54 [restartedMain] INFO RepositoryConfigurationDelegate - Finished Spring Data repository scanning in 1 ms. Found 0 JDBC repository interfaces. (RepositoryConfigurationDelegate.java:208)
2023-11-28 01:40:54 [restartedMain] INFO RepositoryConfigurationDelegate - Multiple Spring Data modules found, entering strict repository configuration mode (RepositoryConfigurationDelegate.java:291)
2023-11-28 01:40:54 [restartedMain] INFO RepositoryConfigurationDelegate - Bootstrapping Spring Data JPA repositories in DEFAULT mode. (RepositoryConfigurationDelegate.java:138)
2023-11-28 01:40:54 [restartedMain] INFO RepositoryConfigurationDelegate - Finished Spring Data repository scanning in 2 ms. Found 0 JPA repository interfaces. (RepositoryConfigurationDelegate.java:208)
2023-11-28 01:40:54 [restartedMain] INFO RepositoryConfigurationDelegate - Multiple Spring Data modules found, entering strict repository configuration mode (RepositoryConfigurationDelegate.java:291)
2023-11-28 01:40:54 [restartedMain] INFO RepositoryConfigurationDelegate - Bootstrapping Spring Data JPA repositories in DEFAULT mode. (RepositoryConfigurationDelegate.java:138)
2023-11-28 01:40:54 [restartedMain] INFO RepositoryConfigurationDelegate - Finished Spring Data repository scanning in 2 ms. Found 0 JPA repository interfaces. (RepositoryConfigurationDelegate.java:208)
2023-11-28 01:40:54 [restartedMain] INFO RepositoryConfigurationDelegate - Multiple Spring Data modules found, entering strict repository configuration mode (RepositoryConfigurationDelegate.java:291)
2023-11-28 01:40:54 [restartedMain] INFO RepositoryConfigurationDelegate - Bootstrapping Spring Data JPA repositories in DEFAULT mode. (RepositoryConfigurationDelegate.java:138)
2023-11-28 01:40:54 [restartedMain] INFO RepositoryConfigurationDelegate - Finished Spring Data repository scanning in 2 ms. Found 0 JPA repository interfaces. (RepositoryConfigurationDelegate.java:208)
2023-11-28 01:40:54 [restartedMain] INFO RepositoryConfigurationDelegate - Multiple Spring Data modules found, entering strict repository configuration mode (RepositoryConfigurationDelegate.java:291)
2023-11-28 01:40:54 [restartedMain] INFO RepositoryConfigurationDelegate - Bootstrapping Spring Data JPA repositories in DEFAULT mode. (RepositoryConfigurationDelegate.java:138)
2023-11-28 01:40:54 [restartedMain] INFO RepositoryConfigurationDelegate - Finished Spring Data repository scanning in 2 ms. Found 0 JPA repository interfaces. (RepositoryConfigurationDelegate.java:208)
2023-11-28 01:40:55 [restartedMain] INFO TomcatWebServer - Tomcat initialized with port(s): 8085 (http) (TomcatWebServer.java:108)
2023-11-28 01:40:55 [restartedMain] INFO StandardService - Starting service [Tomcat] (DirectJDKLog.java:173)
2023-11-28 01:40:55 [restartedMain] INFO StandardEngine - Starting Servlet engine: [Apache Tomcat/10.1.15] (DirectJDKLog.java:173)
2023-11-28 01:40:55 [restartedMain] INFO [/] - Initializing Spring embedded WebApplicationContext (DirectJDKLog.java:173)
2023-11-28 01:40:55 [restartedMain] INFO ServletWebServerApplicationContext - Root WebApplicationContext: initialization completed in 1134 ms (ServletWebServerApplicationContext.java:291)
2023-11-28 01:40:55 [restartedMain] INFO LogHelper - HHH000204: Processing PersistenceUnitInfo [name: default] (LogHelper.java:31)
2023-11-28 01:40:55 [restartedMain] INFO SpringPersistenceUnitInfo - No LoadTimeWeaver setup: ignoring JPA class transformer (SpringPersistenceUnitInfo.java:87)
2023-11-28 01:40:55 [restartedMain] INFO HikariDataSource - HikariPool-8 - Starting... (HikariDataSource.java:110)
2023-11-28 01:40:55 [restartedMain] INFO HikariPool - HikariPool-8 - Added connection com.mysql.cj.jdbc.ConnectionImpl@5ffa82a1 (HikariPool.java:565)
2023-11-28 01:40:55 [restartedMain] INFO HikariDataSource - HikariPool-8 - Start completed. (HikariDataSource.java:123)
2023-11-28 01:40:55 [restartedMain] WARN Dialect - HHH000511: The 5.5.0 version for [org.hibernate.dialect.MySQLDialect] is no longer supported, hence certain features may not work properly. The minimum supported version is 5.7.0. Check the community dialects project for available legacy versions. (Dialect.java:351)
2023-11-28 01:40:55 [restartedMain] INFO JtaPlatformInitiator - HHH000489: No JTA platform available (set 'hibernate.transaction.jta.platform' to enable JTA platform integration) (JtaPlatformInitiator.java:55)
2023-11-28 01:40:56 [restartedMain] INFO LocalContainerEntityManagerFactoryBean - Initialized JPA EntityManagerFactory for persistence unit 'default' (AbstractEntityManagerFactoryBean.java:437)
2023-11-28 01:40:56 [restartedMain] WARN JpaBaseConfiguration$JpaWebConfiguration - spring.jpa.open-in-view is enabled by default. Therefore, database queries may be performed during view rendering. Explicitly configure spring.jpa.open-in-view to disable this warning (JpaBaseConfiguration.java:231)
2023-11-28 01:40:56 [restartedMain] INFO OptionalLiveReloadServer - LiveReload server is running on port 35729 (OptionalLiveReloadServer.java:59)
2023-11-28 01:40:56 [restartedMain] INFO EndpointLinksResolver - Exposing 15 endpoint(s) beneath base path '/actuator' (EndpointLinksResolver.java:58)
2023-11-28 01:40:56 [restartedMain] INFO TomcatWebServer - Tomcat started on port(s): 8085 (http) with context path '' (TomcatWebServer.java:220)
2023-11-28 01:40:56 [restartedMain] INFO InventoryManagementSystemApplication - Started InventoryManagementSystemApplication in 2.699 seconds (process running for 6943.564) (StartupInfoLogger.java:57)
2023-11-28 01:40:56 [restartedMain] INFO ConditionEvaluationDeltaLoggingListener - Condition evaluation unchanged (ConditionEvaluationDeltaLoggingListener.java:63)
2023-11-28 01:40:57 [File Watcher] INFO LocalDevToolsAutoConfiguration$RestartingClassPathChangeChangedEventListener - Restarting due to 46 class path changes (0 additions, 3 deletions, 43 modifications) (LocalDevToolsAutoConfiguration.java:211)
2023-11-28 01:40:57 [Thread-31] INFO StandardService - Stopping service [Tomcat] (DirectJDKLog.java:173)
2023-11-28 01:40:57 [Thread-31] INFO LocalContainerEntityManagerFactoryBean - Closing JPA EntityManagerFactory for persistence unit 'default' (AbstractEntityManagerFactoryBean.java:650)
2023-11-28 01:40:57 [Thread-31] INFO HikariDataSource - HikariPool-8 - Shutdown initiated... (HikariDataSource.java:350)
2023-11-28 01:40:57 [Thread-31] INFO HikariDataSource - HikariPool-8 - Shutdown completed. (HikariDataSource.java:352)
2023-11-28 01:40:58 [restartedMain] INFO InventoryManagementSystemApplication - Starting InventoryManagementSystemApplication using Java 20 with PID 1104 (C:\Users\Ravi\git\inventorymanagement\InventoryManagementSystem\target\classes started by Ravi in C:\Users\Ravi\git\inventorymanagement\InventoryManagementSystem) (StartupInfoLogger.java:51)
2023-11-28 01:40:58 [restartedMain] INFO InventoryManagementSystemApplication - No active profile set, falling back to 1 default profile: "default" (SpringApplication.java:638)
2023-11-28 01:40:58 [restartedMain] INFO RepositoryConfigurationDelegate - Multiple Spring Data modules found, entering strict repository configuration mode (RepositoryConfigurationDelegate.java:291)
2023-11-28 01:40:58 [restartedMain] INFO RepositoryConfigurationDelegate - Bootstrapping Spring Data JDBC repositories in DEFAULT mode. (RepositoryConfigurationDelegate.java:138)
2023-11-28 01:40:58 [restartedMain] INFO RepositoryConfigurationDelegate - Finished Spring Data repository scanning in 2 ms. Found 0 JDBC repository interfaces. (RepositoryConfigurationDelegate.java:208)
2023-11-28 01:40:58 [restartedMain] INFO RepositoryConfigurationDelegate - Multiple Spring Data modules found, entering strict repository configuration mode (RepositoryConfigurationDelegate.java:291)
2023-11-28 01:40:58 [restartedMain] INFO RepositoryConfigurationDelegate - Bootstrapping Spring Data JPA repositories in DEFAULT mode. (RepositoryConfigurationDelegate.java:138)
2023-11-28 01:40:58 [restartedMain] INFO RepositoryConfigurationDelegate - Finished Spring Data repository scanning in 1 ms. Found 0 JPA repository interfaces. (RepositoryConfigurationDelegate.java:208)
2023-11-28 01:40:58 [restartedMain] INFO RepositoryConfigurationDelegate - Multiple Spring Data modules found, entering strict repository configuration mode (RepositoryConfigurationDelegate.java:291)
2023-11-28 01:40:58 [restartedMain] INFO RepositoryConfigurationDelegate - Bootstrapping Spring Data JPA repositories in DEFAULT mode. (RepositoryConfigurationDelegate.java:138)
2023-11-28 01:40:58 [restartedMain] INFO RepositoryConfigurationDelegate - Finished Spring Data repository scanning in 1 ms. Found 0 JPA repository interfaces. (RepositoryConfigurationDelegate.java:208)
2023-11-28 01:40:58 [restartedMain] INFO RepositoryConfigurationDelegate - Multiple Spring Data modules found, entering strict repository configuration mode (RepositoryConfigurationDelegate.java:291)
2023-11-28 01:40:58 [restartedMain] INFO RepositoryConfigurationDelegate - Bootstrapping Spring Data JPA repositories in DEFAULT mode. (RepositoryConfigurationDelegate.java:138)
2023-11-28 01:40:58 [restartedMain] INFO RepositoryConfigurationDelegate - Finished Spring Data repository scanning in 1 ms. Found 0 JPA repository interfaces. (RepositoryConfigurationDelegate.java:208)
2023-11-28 01:40:58 [restartedMain] INFO RepositoryConfigurationDelegate - Multiple Spring Data modules found, entering strict repository configuration mode (RepositoryConfigurationDelegate.java:291)
2023-11-28 01:40:58 [restartedMain] INFO RepositoryConfigurationDelegate - Bootstrapping Spring Data JPA repositories in DEFAULT mode. (RepositoryConfigurationDelegate.java:138)
2023-11-28 01:40:58 [restartedMain] INFO RepositoryConfigurationDelegate - Finished Spring Data repository scanning in 1 ms. Found 0 JPA repository interfaces. (RepositoryConfigurationDelegate.java:208)
2023-11-28 01:40:58 [restartedMain] INFO TomcatWebServer - Tomcat initialized with port(s): 8085 (http) (TomcatWebServer.java:108)
2023-11-28 01:40:58 [restartedMain] INFO StandardService - Starting service [Tomcat] (DirectJDKLog.java:173)
2023-11-28 01:40:58 [restartedMain] INFO StandardEngine - Starting Servlet engine: [Apache Tomcat/10.1.15] (DirectJDKLog.java:173)
2023-11-28 01:40:58 [restartedMain] INFO [/] - Initializing Spring embedded WebApplicationContext (DirectJDKLog.java:173)
2023-11-28 01:40:58 [restartedMain] INFO ServletWebServerApplicationContext - Root WebApplicationContext: initialization completed in 431 ms (ServletWebServerApplicationContext.java:291)
2023-11-28 01:40:58 [restartedMain] INFO LogHelper - HHH000204: Processing PersistenceUnitInfo [name: default] (LogHelper.java:31)
2023-11-28 01:40:58 [restartedMain] INFO SpringPersistenceUnitInfo - No LoadTimeWeaver setup: ignoring JPA class transformer (SpringPersistenceUnitInfo.java:87)
2023-11-28 01:40:58 [restartedMain] INFO HikariDataSource - HikariPool-9 - Starting... (HikariDataSource.java:110)
2023-11-28 01:40:58 [restartedMain] INFO HikariPool - HikariPool-9 - Added connection com.mysql.cj.jdbc.ConnectionImpl@51482eb0 (HikariPool.java:565)
2023-11-28 01:40:58 [restartedMain] INFO HikariDataSource - HikariPool-9 - Start completed. (HikariDataSource.java:123)
2023-11-28 01:40:58 [restartedMain] WARN Dialect - HHH000511: The 5.5.0 version for [org.hibernate.dialect.MySQLDialect] is no longer supported, hence certain features may not work properly. The minimum supported version is 5.7.0. Check the community dialects project for available legacy versions. (Dialect.java:351)
2023-11-28 01:40:58 [restartedMain] INFO JtaPlatformInitiator - HHH000489: No JTA platform available (set 'hibernate.transaction.jta.platform' to enable JTA platform integration) (JtaPlatformInitiator.java:55)
2023-11-28 01:40:58 [restartedMain] INFO LocalContainerEntityManagerFactoryBean - Initialized JPA EntityManagerFactory for persistence unit 'default' (AbstractEntityManagerFactoryBean.java:437)
2023-11-28 01:40:58 [restartedMain] WARN JpaBaseConfiguration$JpaWebConfiguration - spring.jpa.open-in-view is enabled by default. Therefore, database queries may be performed during view rendering. Explicitly configure spring.jpa.open-in-view to disable this warning (JpaBaseConfiguration.java:231)
2023-11-28 01:40:58 [restartedMain] INFO OptionalLiveReloadServer - LiveReload server is running on port 35729 (OptionalLiveReloadServer.java:59)
2023-11-28 01:40:59 [restartedMain] INFO EndpointLinksResolver - Exposing 15 endpoint(s) beneath base path '/actuator' (EndpointLinksResolver.java:58)
2023-11-28 01:40:59 [restartedMain] INFO TomcatWebServer - Tomcat started on port(s): 8085 (http) with context path '' (TomcatWebServer.java:220)
2023-11-28 01:40:59 [restartedMain] INFO InventoryManagementSystemApplication - Started InventoryManagementSystemApplication in 1.022 seconds (process running for 6946.037) (StartupInfoLogger.java:57)
2023-11-28 01:40:59 [restartedMain] INFO ConditionEvaluationDeltaLoggingListener - Condition evaluation unchanged (ConditionEvaluationDeltaLoggingListener.java:63)
